<?xml version="1.0" encoding="UTF-8"?>
<!-- Generated by org.testng.reporters.JUnitXMLReporter -->
<testsuite hostname="DESKTOP-4GCC36D" ignored="1" name="Test" tests="7" failures="1" timestamp="2021-11-19T16:29:44 IST" time="0.174" errors="0">
  <testcase name="searchHotel" time="0.016" classname="testcases.BookingSearch"/>
  <testcase name="selectHotel" time="0.0" classname="testcases.BookingSearch"/>
  <testcase name="enterGuestInformation" time="0.0" classname="testcases.BookingSearch"/>
  <testcase name="applyDiscount" time="0.0" classname="testcases.PaymentManager"/>
  <testcase name="makePayment" time="0.0" classname="testcases.PaymentManager">
    <failure type="org.testng.TestNGException" message="
Parameter &amp;apos;action&amp;apos; is required by @Test on method makePayment but has not been marked @Optional or defined
in C:\Users\SREE\eclipse-workspace\BookingHotel\testng.xml">
      <![CDATA[org.testng.TestNGException: 
Parameter 'action' is required by @Test on method makePayment but has not been marked @Optional or defined
in C:\Users\SREE\eclipse-workspace\BookingHotel\testng.xml
at java.util.ArrayList.forEach(Unknown Source)
... Removed 26 stack frames]]>
    </failure>
  </testcase> <!-- makePayment -->
  <testcase name="checkEmailVerification" time="0.015" classname="testcases.CustomerCommunications"/>
  <testcase name="checkMobileVerification" time="0.047" classname="testcases.CustomerCommunications"/>
  <testcase name="loadBooking" time="0.0" classname="testcases.BookingSearch">
    <ignored/>
  </testcase> <!-- loadBooking -->
</testsuite> <!-- Test -->
